<?xml version="1.0" encoding="UTF-8"?>
<robot generator="Robot 4.0 (Python 3.9.2 on win32)" generated="20210925 20:02:01.448" rpa="false" schemaversion="2">
<suite id="s1" name="Busca" source="D:\HypeFlameTest\tests\busca.robot">
<test id="s1-t1" name="Pesquisar artigos com um título válido">
<kw name="Start Browser" library="base" type="SETUP">
<kw name="New Browser" library="Browser">
<arg>chromium</arg>
<arg>False</arg>
<tag>BrowserControl</tag>
<tag>Setter</tag>
<doc>Create a new playwright Browser with specified options.
See `Browser, Context and Page` for more information about Browser and related concepts.</doc>
<msg timestamp="20210925 20:02:02.249" level="INFO">{"browser": "chromium", "headless": false, "handleSIGINT": true, "handleSIGTERM": true, "handleSIGHUP": true, "timeout": 30000.0, "devtools": false, "slowMo": 0.0}</msg>
<msg timestamp="20210925 20:02:02.648" level="INFO">Successfully created browser with options: {"browser":"chromium","headless":false,"handleSIGINT":true,"handleSIGTERM":true,"handleSIGHUP":true,"timeout":30000,"devtools":false,"slowMo":0}</msg>
<status status="PASS" starttime="20210925 20:02:02.249" endtime="20210925 20:02:02.649"/>
</kw>
<kw name="New Page" library="Browser">
<arg>https://hypeflame.blog/?s=</arg>
<tag>BrowserControl</tag>
<tag>Setter</tag>
<doc>Open a new Page. A Page is the Playwright equivalent to a tab.
See `Browser, Context and Page` for more information about Page concept.
Returns a stable identifier for the created page.</doc>
<msg timestamp="20210925 20:02:04.962" level="INFO">Successfully initialized new page object and opened url: https://hypeflame.blog/?s=</msg>
<msg timestamp="20210925 20:02:04.962" level="INFO">No context was open. New context was automatically opened when this page is created.</msg>
<status status="PASS" starttime="20210925 20:02:02.649" endtime="20210925 20:02:04.962"/>
</kw>
<kw name="Get Text" library="Browser">
<arg>h1</arg>
<arg>contains</arg>
<arg>Resultados da busca por:</arg>
<tag>Assertion</tag>
<tag>Getter</tag>
<tag>PageContent</tag>
<doc>Returns text attribute of the element found by ``selector``.
See the `Finding elements` section for details about the selectors.</doc>
<status status="PASS" starttime="20210925 20:02:04.962" endtime="20210925 20:02:05.044"/>
</kw>
<status status="PASS" starttime="20210925 20:02:02.249" endtime="20210925 20:02:05.045"/>
</kw>
<kw name="Get JSON" library="base">
<var>${valid_values}</var>
<arg>valid_values.json</arg>
<kw name="Get File" library="OperatingSystem">
<var>${file}</var>
<arg>${EXECDIR}/resources/test_data/${file_name}</arg>
<doc>Returns the contents of a specified file.</doc>
<msg timestamp="20210925 20:02:05.046" level="INFO" html="true">Getting file '&lt;a href="file://D:\HypeFlameTest\resources\test_data\valid_values.json"&gt;D:\HypeFlameTest\resources\test_data\valid_values.json&lt;/a&gt;'.</msg>
<msg timestamp="20210925 20:02:05.047" level="INFO">${file} = 
    {
        "article_subject": "Camunda",
        "href_item":"camunda",
        "itens_returned": 1
    }   

    

    



</msg>
<status status="PASS" starttime="20210925 20:02:05.046" endtime="20210925 20:02:05.047"/>
</kw>
<kw name="Evaluate" library="BuiltIn">
<var>${super_var}</var>
<arg>json.loads($file)</arg>
<arg>json</arg>
<doc>Evaluates the given expression in Python and returns the result.</doc>
<msg timestamp="20210925 20:02:05.060" level="INFO">${super_var} = {'article_subject': 'Camunda', 'href_item': 'camunda', 'itens_returned': 1}</msg>
<status status="PASS" starttime="20210925 20:02:05.047" endtime="20210925 20:02:05.060"/>
</kw>
<msg timestamp="20210925 20:02:05.060" level="INFO">${valid_values} = {'article_subject': 'Camunda', 'href_item': 'camunda', 'itens_returned': 1}</msg>
<status status="PASS" starttime="20210925 20:02:05.046" endtime="20210925 20:02:05.060"/>
</kw>
<kw name="Search By" library="keywords_busca">
<arg>${valid_values["article_subject"]}</arg>
<kw name="Click" library="Browser">
<arg>${LUPA}</arg>
<tag>PageContent</tag>
<tag>Setter</tag>
<doc>Simulates mouse click on the element found by ``selector``.</doc>
<status status="PASS" starttime="20210925 20:02:05.062" endtime="20210925 20:02:05.106"/>
</kw>
<kw name="Fill Text" library="Browser">
<arg>${TEXT_BOX_PESQUISA}</arg>
<arg>${expected_value}</arg>
<tag>PageContent</tag>
<tag>Setter</tag>
<doc>Clears and fills the given ``text`` into the text field found by ``selector``.</doc>
<msg timestamp="20210925 20:02:05.106" level="INFO">Fills the text 'Camunda' in the given field.</msg>
<status status="PASS" starttime="20210925 20:02:05.106" endtime="20210925 20:02:05.129"/>
</kw>
<kw name="Click" library="Browser">
<arg>${ACAO_BUSCAR}</arg>
<tag>PageContent</tag>
<tag>Setter</tag>
<doc>Simulates mouse click on the element found by ``selector``.</doc>
<status status="PASS" starttime="20210925 20:02:05.130" endtime="20210925 20:02:05.427"/>
</kw>
<status status="PASS" starttime="20210925 20:02:05.062" endtime="20210925 20:02:05.427"/>
</kw>
<kw name="Validation Search Result By" library="keywords_busca">
<arg>${valid_values["article_subject"]}</arg>
<kw name="Get Text" library="Browser">
<arg>${RESULTADOS_DA_BUSCA_POR}</arg>
<arg>contains</arg>
<arg>${actual_value}</arg>
<tag>Assertion</tag>
<tag>Getter</tag>
<tag>PageContent</tag>
<doc>Returns text attribute of the element found by ``selector``.
See the `Finding elements` section for details about the selectors.</doc>
<status status="PASS" starttime="20210925 20:02:05.430" endtime="20210925 20:02:05.792"/>
</kw>
<status status="PASS" starttime="20210925 20:02:05.428" endtime="20210925 20:02:05.792"/>
</kw>
<kw name="Get Element Count" library="Browser">
<arg>css = .entry-title a[href*=${valid_values["href_item"]}]</arg>
<arg>equal</arg>
<arg>${valid_values["itens_returned"]}</arg>
<tag>Assertion</tag>
<tag>Getter</tag>
<tag>PageContent</tag>
<doc>Returns the count of elements found with ``selector``.</doc>
<status status="PASS" starttime="20210925 20:02:05.793" endtime="20210925 20:02:05.803"/>
</kw>
<kw name="Take Screenshot" library="Browser" type="TEARDOWN">
<tag>PageContent</tag>
<doc>Takes a screenshot of the current window and saves it.</doc>
<msg timestamp="20210925 20:02:05.926" level="INFO" html="true">&lt;/td&gt;&lt;/tr&gt;&lt;tr&gt;&lt;td colspan="3"&gt;&lt;a href="browser/screenshot/robotframework-browser-screenshot-1.png"&gt;&lt;img src="browser/screenshot/robotframework-browser-screenshot-1.png" width="800px"&gt;&lt;/a&gt;</msg>
<status status="PASS" starttime="20210925 20:02:05.804" endtime="20210925 20:02:05.926"/>
</kw>
<status status="PASS" starttime="20210925 20:02:02.247" endtime="20210925 20:02:05.927"/>
</test>
<test id="s1-t2" name="Pesquisar artigos com combinações inválidas">
<kw name="Start Browser" library="base" type="SETUP">
<kw name="New Browser" library="Browser">
<arg>chromium</arg>
<arg>False</arg>
<tag>BrowserControl</tag>
<tag>Setter</tag>
<doc>Create a new playwright Browser with specified options.
See `Browser, Context and Page` for more information about Browser and related concepts.</doc>
<msg timestamp="20210925 20:02:06.033" level="INFO">{"browser": "chromium", "headless": false, "handleSIGINT": true, "handleSIGTERM": true, "handleSIGHUP": true, "timeout": 30000.0, "devtools": false, "slowMo": 0.0}</msg>
<msg timestamp="20210925 20:02:06.414" level="INFO">Successfully created browser with options: {"browser":"chromium","headless":false,"handleSIGINT":true,"handleSIGTERM":true,"handleSIGHUP":true,"timeout":30000,"devtools":false,"slowMo":0}</msg>
<status status="PASS" starttime="20210925 20:02:06.031" endtime="20210925 20:02:06.415"/>
</kw>
<kw name="New Page" library="Browser">
<arg>https://hypeflame.blog/?s=</arg>
<tag>BrowserControl</tag>
<tag>Setter</tag>
<doc>Open a new Page. A Page is the Playwright equivalent to a tab.
See `Browser, Context and Page` for more information about Page concept.
Returns a stable identifier for the created page.</doc>
<msg timestamp="20210925 20:02:07.736" level="INFO">Successfully initialized new page object and opened url: https://hypeflame.blog/?s=</msg>
<msg timestamp="20210925 20:02:07.737" level="INFO">No context was open. New context was automatically opened when this page is created.</msg>
<status status="PASS" starttime="20210925 20:02:06.415" endtime="20210925 20:02:07.737"/>
</kw>
<kw name="Get Text" library="Browser">
<arg>h1</arg>
<arg>contains</arg>
<arg>Resultados da busca por:</arg>
<tag>Assertion</tag>
<tag>Getter</tag>
<tag>PageContent</tag>
<doc>Returns text attribute of the element found by ``selector``.
See the `Finding elements` section for details about the selectors.</doc>
<status status="PASS" starttime="20210925 20:02:07.737" endtime="20210925 20:02:07.817"/>
</kw>
<status status="PASS" starttime="20210925 20:02:06.029" endtime="20210925 20:02:07.817"/>
</kw>
<kw name="Get JSON" library="base">
<var>${invalid_values}</var>
<arg>invalid_values.json</arg>
<kw name="Get File" library="OperatingSystem">
<var>${file}</var>
<arg>${EXECDIR}/resources/test_data/${file_name}</arg>
<doc>Returns the contents of a specified file.</doc>
<msg timestamp="20210925 20:02:07.818" level="INFO" html="true">Getting file '&lt;a href="file://D:\HypeFlameTest\resources\test_data\invalid_values.json"&gt;D:\HypeFlameTest\resources\test_data\invalid_values.json&lt;/a&gt;'.</msg>
<msg timestamp="20210925 20:02:07.819" level="INFO">${file} = 
    {
        "article_subject": "Arquitetura,Hype"
    }


</msg>
<status status="PASS" starttime="20210925 20:02:07.818" endtime="20210925 20:02:07.819"/>
</kw>
<kw name="Evaluate" library="BuiltIn">
<var>${super_var}</var>
<arg>json.loads($file)</arg>
<arg>json</arg>
<doc>Evaluates the given expression in Python and returns the result.</doc>
<msg timestamp="20210925 20:02:07.819" level="INFO">${super_var} = {'article_subject': 'Arquitetura,Hype'}</msg>
<status status="PASS" starttime="20210925 20:02:07.819" endtime="20210925 20:02:07.819"/>
</kw>
<msg timestamp="20210925 20:02:07.820" level="INFO">${invalid_values} = {'article_subject': 'Arquitetura,Hype'}</msg>
<status status="PASS" starttime="20210925 20:02:07.818" endtime="20210925 20:02:07.820"/>
</kw>
<kw name="Search By" library="keywords_busca">
<arg>${invalid_values["article_subject"]}</arg>
<kw name="Click" library="Browser">
<arg>${LUPA}</arg>
<tag>PageContent</tag>
<tag>Setter</tag>
<doc>Simulates mouse click on the element found by ``selector``.</doc>
<status status="PASS" starttime="20210925 20:02:07.821" endtime="20210925 20:02:07.875"/>
</kw>
<kw name="Fill Text" library="Browser">
<arg>${TEXT_BOX_PESQUISA}</arg>
<arg>${expected_value}</arg>
<tag>PageContent</tag>
<tag>Setter</tag>
<doc>Clears and fills the given ``text`` into the text field found by ``selector``.</doc>
<msg timestamp="20210925 20:02:07.876" level="INFO">Fills the text 'Arquitetura,Hype' in the given field.</msg>
<status status="PASS" starttime="20210925 20:02:07.875" endtime="20210925 20:02:07.898"/>
</kw>
<kw name="Click" library="Browser">
<arg>${ACAO_BUSCAR}</arg>
<tag>PageContent</tag>
<tag>Setter</tag>
<doc>Simulates mouse click on the element found by ``selector``.</doc>
<status status="PASS" starttime="20210925 20:02:07.898" endtime="20210925 20:02:08.491"/>
</kw>
<status status="PASS" starttime="20210925 20:02:07.820" endtime="20210925 20:02:08.491"/>
</kw>
<kw name="Get Text" library="Browser">
<arg>css = .page-header &gt; h1</arg>
<arg>contains</arg>
<arg>Nenhum resultado</arg>
<tag>Assertion</tag>
<tag>Getter</tag>
<tag>PageContent</tag>
<doc>Returns text attribute of the element found by ``selector``.
See the `Finding elements` section for details about the selectors.</doc>
<status status="PASS" starttime="20210925 20:02:08.492" endtime="20210925 20:02:08.872"/>
</kw>
<kw name="Take Screenshot" library="Browser" type="TEARDOWN">
<tag>PageContent</tag>
<doc>Takes a screenshot of the current window and saves it.</doc>
<msg timestamp="20210925 20:02:09.006" level="INFO" html="true">&lt;/td&gt;&lt;/tr&gt;&lt;tr&gt;&lt;td colspan="3"&gt;&lt;a href="browser/screenshot/robotframework-browser-screenshot-2.png"&gt;&lt;img src="browser/screenshot/robotframework-browser-screenshot-2.png" width="800px"&gt;&lt;/a&gt;</msg>
<status status="PASS" starttime="20210925 20:02:08.874" endtime="20210925 20:02:09.007"/>
</kw>
<status status="PASS" starttime="20210925 20:02:06.023" endtime="20210925 20:02:09.008"/>
</test>
<doc>Suite de Teste - Busca de Artigos no Site da HypeFlame - Teste do Processo Seletivo</doc>
<status status="PASS" starttime="20210925 20:02:01.450" endtime="20210925 20:02:09.096"/>
</suite>
<statistics>
<total>
<stat pass="2" fail="0" skip="0">All Tests</stat>
</total>
<tag>
</tag>
<suite>
<stat pass="2" fail="0" skip="0" id="s1" name="Busca">Busca</stat>
</suite>
</statistics>
<errors>
</errors>
</robot>
